<?xml version="1.0" encoding="UTF-8"?>
<!-- Generated by org.testng.reporters.JUnitReportReporter -->
<testsuite hostname="Soumya" failures="0" tests="10" name="com.Weberp.qa.testcases.AssetManagerPageTest" time="31.353" errors="0" timestamp="2025-09-30T14:14:22 AEST" skipped="0">
  <testcase classname="com.Weberp.qa.testcases.AssetManagerPageTest" name="testAddaNewAssetNavigation" time="3.090"/>
  <testcase classname="com.Weberp.qa.testcases.AssetManagerPageTest" name="testSelectanAssetNavigation" time="2.819"/>
  <testcase classname="com.Weberp.qa.testcases.AssetManagerPageTest" name="testChangeAssetLocationNavigation" time="2.757"/>
  <testcase classname="com.Weberp.qa.testcases.AssetManagerPageTest" name="testDepreciationJournalNavigation" time="4.711"/>
  <testcase classname="com.Weberp.qa.testcases.AssetManagerPageTest" name="testAssetRegisterNavigation" time="3.336"/>
  <testcase classname="com.Weberp.qa.testcases.AssetManagerPageTest" name="testMyMaintenanceScheduleNavigation" time="2.958"/>
  <testcase classname="com.Weberp.qa.testcases.AssetManagerPageTest" name="testMaintenanceReminderEmailsNavigation" time="2.823"/>
  <testcase classname="com.Weberp.qa.testcases.AssetManagerPageTest" name="testFixedAssetCategoryMaintenanceNavigation" time="3.051"/>
  <testcase classname="com.Weberp.qa.testcases.AssetManagerPageTest" name="testAddMaintainAssetLocationsNavigation" time="2.904"/>
  <testcase classname="com.Weberp.qa.testcases.AssetManagerPageTest" name="testFixedAssetmaintenanceTasksNavigation" time="2.904"/>
</testsuite> <!-- com.Weberp.qa.testcases.AssetManagerPageTest -->
