<?xml version="1.0" encoding="UTF-8"?>
<!-- Generated by org.testng.reporters.JUnitReportReporter -->
<testsuite hostname="Soumya" failures="0" tests="35" name="com.Weberp.qa.testcases.GeneralLedgerPageTest" time="109.986" errors="0" timestamp="2025-09-30T13:22:37 AEST" skipped="0">
  <testcase classname="com.Weberp.qa.testcases.GeneralLedgerPageTest" name="testBankAccountPaymentsEntryNavigation" time="3.212"/>
  <testcase classname="com.Weberp.qa.testcases.GeneralLedgerPageTest" name="testBankAccountReceiptEntryNavigation" time="2.917"/>
  <testcase classname="com.Weberp.qa.testcases.GeneralLedgerPageTest" name="testImportBankTransactionsNavigation" time="3.257"/>
  <testcase classname="com.Weberp.qa.testcases.GeneralLedgerPageTest" name="testPaymentsMatchingNavigation" time="2.736"/>
  <testcase classname="com.Weberp.qa.testcases.GeneralLedgerPageTest" name="testBankAccountReceiptsMatchingNavigation" time="2.555"/>
  <testcase classname="com.Weberp.qa.testcases.GeneralLedgerPageTest" name="testJournalEntryNavigation" time="3.404"/>
  <testcase classname="com.Weberp.qa.testcases.GeneralLedgerPageTest" name="testBankAccountBalancesNavigation" time="3.357"/>
  <testcase classname="com.Weberp.qa.testcases.GeneralLedgerPageTest" name="testBankAccountReconStatementNavigation" time="2.590"/>
  <testcase classname="com.Weberp.qa.testcases.GeneralLedgerPageTest" name="testCheckPaymentsListingNavigation" time="3.593"/>
  <testcase classname="com.Weberp.qa.testcases.GeneralLedgerPageTest" name="testDailyBankTransactionsNavigation" time="3.339"/>
  <testcase classname="com.Weberp.qa.testcases.GeneralLedgerPageTest" name="testAccountInquiryNavigation" time="10.708"/>
  <testcase classname="com.Weberp.qa.testcases.GeneralLedgerPageTest" name="testGraphOfAccountTransactionsNavigation" time="2.591"/>
  <testcase classname="com.Weberp.qa.testcases.GeneralLedgerPageTest" name="testAccountListingNavigation" time="2.902"/>
  <testcase classname="com.Weberp.qa.testcases.GeneralLedgerPageTest" name="testAccountListingtoCSVFileNavigation" time="2.868"/>
  <testcase classname="com.Weberp.qa.testcases.GeneralLedgerPageTest" name="testGeneralLedgerJournalInquiryNavigation" time="3.167"/>
  <testcase classname="com.Weberp.qa.testcases.GeneralLedgerPageTest" name="testTrialBalanceNavigation" time="2.796"/>
  <testcase classname="com.Weberp.qa.testcases.GeneralLedgerPageTest" name="testBalanceSheetNavigation" time="3.521"/>
  <testcase classname="com.Weberp.qa.testcases.GeneralLedgerPageTest" name="testProfitandLossStatementNavigation" time="2.545"/>
  <testcase classname="com.Weberp.qa.testcases.GeneralLedgerPageTest" name="testStatementofCashFlowsNavigation" time="2.733"/>
  <testcase classname="com.Weberp.qa.testcases.GeneralLedgerPageTest" name="testFinancialStatementsNavigation" time="2.673"/>
  <testcase classname="com.Weberp.qa.testcases.GeneralLedgerPageTest" name="testHorizontalAnalFinancialPosNavigation" time="2.491"/>
  <testcase classname="com.Weberp.qa.testcases.GeneralLedgerPageTest" name="testHorizontalAnalysisComprehensiveIncomeNavigation" time="2.601"/>
  <testcase classname="com.Weberp.qa.testcases.GeneralLedgerPageTest" name="testTagReportsNavigation" time="2.596"/>
  <testcase classname="com.Weberp.qa.testcases.GeneralLedgerPageTest" name="testTaxReportsNavigation" time="2.549"/>
  <testcase classname="com.Weberp.qa.testcases.GeneralLedgerPageTest" name="testAccountSectionsNavigation" time="2.376"/>
  <testcase classname="com.Weberp.qa.testcases.GeneralLedgerPageTest" name="testAccountGroupsNavigation" time="2.648"/>
  <testcase classname="com.Weberp.qa.testcases.GeneralLedgerPageTest" name="testGLAccountsNavigation" time="3.652"/>
  <testcase classname="com.Weberp.qa.testcases.GeneralLedgerPageTest" name="testGLAccountAuthUsersNavigation" time="2.993"/>
  <testcase classname="com.Weberp.qa.testcases.GeneralLedgerPageTest" name="testUserAuthGLAccountsNavigation" time="3.406"/>
  <testcase classname="com.Weberp.qa.testcases.GeneralLedgerPageTest" name="testGLBudgetsNavigation" time="3.410"/>
  <testcase classname="com.Weberp.qa.testcases.GeneralLedgerPageTest" name="testGLTagsNavigation" time="2.528"/>
  <testcase classname="com.Weberp.qa.testcases.GeneralLedgerPageTest" name="testBankAccountsNavigation" time="2.725"/>
  <testcase classname="com.Weberp.qa.testcases.GeneralLedgerPageTest" name="testBankAccountAuthUsersNavigation" time="2.707"/>
  <testcase classname="com.Weberp.qa.testcases.GeneralLedgerPageTest" name="testUserBankAccountsNavigation" time="2.700"/>
  <testcase classname="com.Weberp.qa.testcases.GeneralLedgerPageTest" name="testMaintainJournalTemplatesNavigation" time="3.140"/>
</testsuite> <!-- com.Weberp.qa.testcases.GeneralLedgerPageTest -->
