<?xml version="1.0" encoding="UTF-8"?>
<!-- Generated by org.testng.reporters.JUnitReportReporter -->
<testsuite hostname="Soumya" failures="0" tests="1" name="com.Weberp.qa.testcases.SalesPageTest" time="13.352" errors="0" timestamp="2025-08-25T16:21:48 AEST" skipped="0">
  <testcase classname="com.Weberp.qa.testcases.SalesPageTest" name="testCommonlyUsedScripts" time="13.352"/>
</testsuite> <!-- com.Weberp.qa.testcases.SalesPageTest -->
