<?xml version="1.0" encoding="UTF-8"?>
<!-- Generated by org.testng.reporters.JUnitReportReporter -->
<testsuite hostname="Soumya" failures="0" tests="31" name="com.Weberp.qa.testcases.ManufacturingPageTest" time="111.229" errors="0" timestamp="2025-09-23T15:21:29 AEST" skipped="0">
  <testcase classname="com.Weberp.qa.testcases.ManufacturingPageTest" name="testWorkOrderEntryNavigation" time="2.839"/>
  <testcase classname="com.Weberp.qa.testcases.ManufacturingPageTest" name="testSelectAWorkOrderNavigation" time="2.853"/>
  <testcase classname="com.Weberp.qa.testcases.ManufacturingPageTest" name="testSelectQASamplesNavigation" time="2.697"/>
  <testcase classname="com.Weberp.qa.testcases.ManufacturingPageTest" name="testTimesheetEntryNavigation" time="2.981"/>
  <testcase classname="com.Weberp.qa.testcases.ManufacturingPageTest" name="testSelectAWorkOrder1Navigation" time="2.738"/>
  <testcase classname="com.Weberp.qa.testcases.ManufacturingPageTest" name="testCostedBillOfMaterialInquiryNavigation" time="3.004"/>
  <testcase classname="com.Weberp.qa.testcases.ManufacturingPageTest" name="testWhereUsedInquiryNavigation" time="2.734"/>
  <testcase classname="com.Weberp.qa.testcases.ManufacturingPageTest" name="testBillOfMaterialListingNavigation" time="2.993"/>
  <testcase classname="com.Weberp.qa.testcases.ManufacturingPageTest" name="testIndentedBillOfMaterialListingNavigation" time="2.766"/>
  <testcase classname="com.Weberp.qa.testcases.ManufacturingPageTest" name="testListComponentsRequiredNavigation" time="2.877"/>
  <testcase classname="com.Weberp.qa.testcases.ManufacturingPageTest" name="testListMaterialsNotUsedAnywhereNavigation" time="4.644"/>
  <testcase classname="com.Weberp.qa.testcases.ManufacturingPageTest" name="testIndentedWhereUsedListingNavigation" time="3.500"/>
  <testcase classname="com.Weberp.qa.testcases.ManufacturingPageTest" name="testWOItemsreadytoproduceNavigation" time="4.658"/>
  <testcase classname="com.Weberp.qa.testcases.ManufacturingPageTest" name="testMRPNavigation" time="4.991"/>
  <testcase classname="com.Weberp.qa.testcases.ManufacturingPageTest" name="testMRPShortagesNavigation" time="5.873"/>
  <testcase classname="com.Weberp.qa.testcases.ManufacturingPageTest" name="testMRPSuggestedPurchaseOrdersNavigation" time="2.817"/>
  <testcase classname="com.Weberp.qa.testcases.ManufacturingPageTest" name="testMRPSuggestedWorkOrdersNavigation" time="6.087"/>
  <testcase classname="com.Weberp.qa.testcases.ManufacturingPageTest" name="testMRPReschedulesRequiredNavigation" time="2.738"/>
  <testcase classname="com.Weberp.qa.testcases.ManufacturingPageTest" name="testPrintProductSpecificationNavigation" time="2.691"/>
  <testcase classname="com.Weberp.qa.testcases.ManufacturingPageTest" name="testPrintCertificateOfAnalysisNavigation" time="3.257"/>
  <testcase classname="com.Weberp.qa.testcases.ManufacturingPageTest" name="testHistoricalQATestResultsNavigation" time="5.117"/>
  <testcase classname="com.Weberp.qa.testcases.ManufacturingPageTest" name="testMultipleWorkOrdersTotalCostInquiryNavigation" time="2.668"/>
  <testcase classname="com.Weberp.qa.testcases.ManufacturingPageTest" name="testWorkCentreNavigation" time="2.762"/>
  <testcase classname="com.Weberp.qa.testcases.ManufacturingPageTest" name="testBillsOfMaterialNavigation" time="3.163"/>
  <testcase classname="com.Weberp.qa.testcases.ManufacturingPageTest" name="testCopyaBillOfMaterialsBetweenItemsNavigation" time="3.561"/>
  <testcase classname="com.Weberp.qa.testcases.ManufacturingPageTest" name="testMasterScheduleNavigation" time="3.605"/>
  <testcase classname="com.Weberp.qa.testcases.ManufacturingPageTest" name="testAutoCreateMasterScheduleNavigation" time="4.072"/>
  <testcase classname="com.Weberp.qa.testcases.ManufacturingPageTest" name="testMRPCalculationNavigation" time="3.022"/>
  <testcase classname="com.Weberp.qa.testcases.ManufacturingPageTest" name="testQualityTestsMaintenanceNavigation" time="4.698"/>
  <testcase classname="com.Weberp.qa.testcases.ManufacturingPageTest" name="testProductSpecificationsNavigation" time="2.926"/>
  <testcase classname="com.Weberp.qa.testcases.ManufacturingPageTest" name="testEmployeesNavigation" time="5.897"/>
</testsuite> <!-- com.Weberp.qa.testcases.ManufacturingPageTest -->
