<?xml version="1.0" encoding="UTF-8"?>
<!-- Generated by org.testng.reporters.JUnitReportReporter -->
<testsuite hostname="Soumya" failures="0" tests="9" name="com.Weberp.qa.testcases.SalesPageTest" time="189.799" errors="0" timestamp="2025-08-21T13:44:28 AEST" skipped="0">
  <testcase classname="com.Weberp.qa.testcases.SalesPageTest" name="testNewSalesOrderNavigation" time="21.017"/>
  <testcase classname="com.Weberp.qa.testcases.SalesPageTest" name="testEnterCounterSalesNavigation" time="22.046"/>
  <testcase classname="com.Weberp.qa.testcases.SalesPageTest" name="testEnterCounterReturnsNavigation" time="19.582"/>
  <testcase classname="com.Weberp.qa.testcases.SalesPageTest" name="testGeneratePickingListsNavigation" time="20.233"/>
  <testcase classname="com.Weberp.qa.testcases.SalesPageTest" name="testOutstandingSalesOrdersNavigation" time="23.022"/>
  <testcase classname="com.Weberp.qa.testcases.SalesPageTest" name="testSpecialOrderNavigation" time="23.609"/>
  <testcase classname="com.Weberp.qa.testcases.SalesPageTest" name="testRecurringOrderTemplateNavigation" time="23.749"/>
  <testcase classname="com.Weberp.qa.testcases.SalesPageTest" name="testProcessRecurringOrderNavigation" time="18.152"/>
  <testcase classname="com.Weberp.qa.testcases.SalesPageTest" name="testMaintainPickingListavigation" time="18.389"/>
</testsuite> <!-- com.Weberp.qa.testcases.SalesPageTest -->
