<?xml version="1.0" encoding="UTF-8"?>
<!-- Generated by org.testng.reporters.JUnitReportReporter -->
<testsuite hostname="Soumya" failures="0" tests="13" name="com.Weberp.qa.testcases.PettyCashPageTest" time="54.971" errors="0" timestamp="2025-10-27T16:15:32 AEDT" skipped="0">
  <testcase classname="com.Weberp.qa.testcases.PettyCashPageTest" name="testAssignCashtoPCTabNavigation" time="3.381"/>
  <testcase classname="com.Weberp.qa.testcases.PettyCashPageTest" name="testTransferAssignedCashBetweenPCTabsNavigation" time="11.930"/>
  <testcase classname="com.Weberp.qa.testcases.PettyCashPageTest" name="testClaimExpensesFromPCTabNavigation" time="4.843"/>
  <testcase classname="com.Weberp.qa.testcases.PettyCashPageTest" name="testAuthorizeExpensesNavigation" time="4.104"/>
  <testcase classname="com.Weberp.qa.testcases.PettyCashPageTest" name="testAuthorizeAssignedCashNavigation" time="3.528"/>
  <testcase classname="com.Weberp.qa.testcases.PettyCashPageTest" name="testPCTabGeneralReportNavigation" time="3.676"/>
  <testcase classname="com.Weberp.qa.testcases.PettyCashPageTest" name="testPCExpenseGeneralReportNavigation" time="3.645"/>
  <testcase classname="com.Weberp.qa.testcases.PettyCashPageTest" name="testPCTabExpensesListNavigation" time="3.460"/>
  <testcase classname="com.Weberp.qa.testcases.PettyCashPageTest" name="testPCExpensesAnalysisNavigation" time="3.411"/>
  <testcase classname="com.Weberp.qa.testcases.PettyCashPageTest" name="testTypesofPCTabsNavigation" time="3.042"/>
  <testcase classname="com.Weberp.qa.testcases.PettyCashPageTest" name="testPCTabsNavigation" time="3.381"/>
  <testcase classname="com.Weberp.qa.testcases.PettyCashPageTest" name="testPCExpensesNavigation" time="3.164"/>
  <testcase classname="com.Weberp.qa.testcases.PettyCashPageTest" name="testExpensesforTypeofPCTabNavigation" time="3.406"/>
</testsuite> <!-- com.Weberp.qa.testcases.PettyCashPageTest -->
