<?xml version="1.0" encoding="UTF-8"?>
<!-- Generated by org.testng.reporters.JUnitReportReporter -->
<testsuite hostname="Soumya" failures="0" tests="14" name="com.Weberp.qa.testcases.PurchasePageTest" time="107.568" errors="0" timestamp="2025-09-23T12:56:53 AEST" skipped="0">
  <testcase classname="com.Weberp.qa.testcases.PurchasePageTest" name="testNewPurchaseOrderNavigation" time="4.939"/>
  <testcase classname="com.Weberp.qa.testcases.PurchasePageTest" name="testPurchaseOrdersNavigation" time="4.746"/>
  <testcase classname="com.Weberp.qa.testcases.PurchasePageTest" name="testNewPurchaseOrderGridEntryNavigation" time="3.302"/>
  <testcase classname="com.Weberp.qa.testcases.PurchasePageTest" name="testCreateNewTenderNavigation" time="5.097"/>
  <testcase classname="com.Weberp.qa.testcases.PurchasePageTest" name="testEditExistingTendersNavigation" time="3.583"/>
  <testcase classname="com.Weberp.qa.testcases.PurchasePageTest" name="testProcessTendersOfferssNavigation" time="3.328"/>
  <testcase classname="com.Weberp.qa.testcases.PurchasePageTest" name="testOrderToAuthorizeNavigation" time="3.202"/>
  <testcase classname="com.Weberp.qa.testcases.PurchasePageTest" name="testShipmentEntryNavigation" time="4.397"/>
  <testcase classname="com.Weberp.qa.testcases.PurchasePageTest" name="testSelectShipmentNavigation" time="3.153"/>
  <testcase classname="com.Weberp.qa.testcases.PurchasePageTest" name="testPurchaseOrderInquiryNavigation" time="3.650"/>
  <testcase classname="com.Weberp.qa.testcases.PurchasePageTest" name="testNewPurchaseOrderDetailsNavigation" time="4.803"/>
  <testcase classname="com.Weberp.qa.testcases.PurchasePageTest" name="testVendorPriceListNavigation" time="14.367"/>
  <testcase classname="com.Weberp.qa.testcases.PurchasePageTest" name="testNewPurchaseFromSuppliersNavigation" time="44.429"/>
  <testcase classname="com.Weberp.qa.testcases.PurchasePageTest" name="testMaintainSupplierPriceListsNavigation" time="4.572"/>
</testsuite> <!-- com.Weberp.qa.testcases.PurchasePageTest -->
