<?xml version="1.0" encoding="UTF-8"?>
<!-- Generated by org.testng.reporters.JUnitReportReporter -->
<testsuite hostname="Soumya" failures="0" tests="2" name="com.Weberp.qa.testcases.LoginPageTest" time="6.998" errors="0" timestamp="2025-08-19T17:09:05 AEST" skipped="0">
  <testcase classname="com.Weberp.qa.testcases.LoginPageTest" name="isWebErpLogoExistTest" time="1.607"/>
  <testcase classname="com.Weberp.qa.testcases.LoginPageTest" name="doLoginTest" time="5.391"/>
</testsuite> <!-- com.Weberp.qa.testcases.LoginPageTest -->
