<?xml version="1.0" encoding="UTF-8"?>
<!-- Generated by org.testng.reporters.JUnitReportReporter -->
<testsuite hostname="Soumya" failures="0" tests="32" name="com.Weberp.qa.testcases.SalesPageTest" time="763.656" errors="0" timestamp="2025-08-21T17:37:21 AEST" skipped="0">
  <testcase classname="com.Weberp.qa.testcases.SalesPageTest" name="testNewSalesOrderNavigation" time="24.087"/>
  <testcase classname="com.Weberp.qa.testcases.SalesPageTest" name="testEnterCounterSalesNavigation" time="19.556"/>
  <testcase classname="com.Weberp.qa.testcases.SalesPageTest" name="testEnterCounterReturnsNavigation" time="21.912"/>
  <testcase classname="com.Weberp.qa.testcases.SalesPageTest" name="testGeneratePickingListsNavigation" time="24.165"/>
  <testcase classname="com.Weberp.qa.testcases.SalesPageTest" name="testOutstandingSalesOrdersNavigation" time="23.245"/>
  <testcase classname="com.Weberp.qa.testcases.SalesPageTest" name="testSpecialOrderNavigation" time="25.208"/>
  <testcase classname="com.Weberp.qa.testcases.SalesPageTest" name="testRecurringOrderTemplateNavigation" time="22.679"/>
  <testcase classname="com.Weberp.qa.testcases.SalesPageTest" name="testProcessRecurringOrderNavigation" time="20.048"/>
  <testcase classname="com.Weberp.qa.testcases.SalesPageTest" name="testMaintainPickingListavigation" time="22.379"/>
  <testcase classname="com.Weberp.qa.testcases.SalesPageTest" name="testSalesOrderInquiryavigation" time="23.556"/>
  <testcase classname="com.Weberp.qa.testcases.SalesPageTest" name="testPrintPriceListsavigation" time="35.570"/>
  <testcase classname="com.Weberp.qa.testcases.SalesPageTest" name="testOrderStatusReportavigation" time="25.476"/>
  <testcase classname="com.Weberp.qa.testcases.SalesPageTest" name="testOrderInvoicedReportavigation" time="24.454"/>
  <testcase classname="com.Weberp.qa.testcases.SalesPageTest" name="testDailySalesInquirynavigation" time="24.394"/>
  <testcase classname="com.Weberp.qa.testcases.SalesPageTest" name="testSalesBySalesTypeInquirynavigation" time="20.381"/>
  <testcase classname="com.Weberp.qa.testcases.SalesPageTest" name="testSalesByCategoryInquirynavigation" time="24.251"/>
  <testcase classname="com.Weberp.qa.testcases.SalesPageTest" name="testSalesByCategoryByItemInquirynavigation" time="23.333"/>
  <testcase classname="com.Weberp.qa.testcases.SalesPageTest" name="testclickSalesAnalysisReportsnavigation" time="22.969"/>
  <testcase classname="com.Weberp.qa.testcases.SalesPageTest" name="testSalesGraphsnavigation" time="22.484"/>
  <testcase classname="com.Weberp.qa.testcases.SalesPageTest" name="testTopSellersInquirynavigation" time="23.769"/>
  <testcase classname="com.Weberp.qa.testcases.SalesPageTest" name="testOrderDeliveryDifferencesReportnavigation" time="22.490"/>
  <testcase classname="com.Weberp.qa.testcases.SalesPageTest" name="testDeliveryInFullOnTimeReportnavigation" time="23.304"/>
  <testcase classname="com.Weberp.qa.testcases.SalesPageTest" name="testSalesOrderDetailOrSummaryInquiriesnavigation" time="23.257"/>
  <testcase classname="com.Weberp.qa.testcases.SalesPageTest" name="testTopSalesItemsInquirynavigation" time="23.454"/>
  <testcase classname="com.Weberp.qa.testcases.SalesPageTest" name="testTopCustomersInquirynavigation" time="21.312"/>
  <testcase classname="com.Weberp.qa.testcases.SalesPageTest" name="testWorstSalesItemsReportnavigation" time="24.364"/>
  <testcase classname="com.Weberp.qa.testcases.SalesPageTest" name="testSalesLowGrossProfitReportnavigation" time="21.898"/>
  <testcase classname="com.Weberp.qa.testcases.SalesPageTest" name="testSellThroughSupportClaimsReportnavigation" time="20.729"/>
  <testcase classname="com.Weberp.qa.testcases.SalesPageTest" name="testSalesToCustomersnavigation" time="25.818"/>
  <testcase classname="com.Weberp.qa.testcases.SalesPageTest" name="testCreateContractnavigation" time="23.055"/>
  <testcase classname="com.Weberp.qa.testcases.SalesPageTest" name="testSelectContractnavigation" time="32.797"/>
  <testcase classname="com.Weberp.qa.testcases.SalesPageTest" name="testSellThroughSupportDealsnavigation" time="27.262"/>
</testsuite> <!-- com.Weberp.qa.testcases.SalesPageTest -->
